#
# There is insufficient memory for the Java Runtime Environment to continue.
# Native memory allocation (mmap) failed to map 125829120 bytes for G1 virtual space
# Possible reasons:
#   The system is out of physical RAM or swap space
#   The process is running with CompressedOops enabled, and the Java Heap may be blocking the growth of the native heap
# Possible solutions:
#   Reduce memory load on the system
#   Increase physical memory or swap space
#   Check if swap backing store is full
#   Decrease Java heap size (-Xmx/-Xms)
#   Decrease number of Java threads
#   Decrease Java thread stack sizes (-Xss)
#   Set larger code cache with -XX:ReservedCodeCacheSize=
#   JVM is running with Unscaled Compressed Oops mode in which the Java heap is
#     placed in the first 4GB address space. The Java Heap base address is the
#     maximum limit for the native heap growth. Please use -XX:HeapBaseMinAddress
#     to set the Java Heap base and to place the Java Heap above 4GB virtual address.
# This output file may be truncated or incomplete.
#
#  Out of Memory Error (os_windows.cpp:3548), pid=32240, tid=33616
#
# JRE version:  (17.0.12+8) (build )
# Java VM: Java HotSpot(TM) 64-Bit Server VM (17.0.12+8-LTS-286, mixed mode, sharing, tiered, compressed oops, compressed class ptrs, g1 gc, windows-amd64)
# No core dump will be written. Minidumps are not enabled by default on client versions of Windows
#

---------------  S U M M A R Y ------------

Command Line: -Dorg.gradle.internal.worker.tmpdir=C:\University\Code Analysis\Practical second attempt\Triangle-Tools\a5-triangle-tools\Triangle.Compiler\build\tmp\test\work -Dorg.gradle.native=false -Xmx512m -Dfile.encoding=windows-1252 -Duser.country=GB -Duser.language=en -Duser.variant -ea worker.org.gradle.process.internal.worker.GradleWorkerMain 'Gradle Test Executor 11'

Host: AMD Ryzen 7 4800H with Radeon Graphics         , 16 cores, 7G,  Windows 10 , 64 bit Build 19041 (10.0.19041.4842)
Time: Fri Oct 11 15:53:37 2024 GMT Summer Time elapsed time: 0.010495 seconds (0d 0h 0m 0s)

---------------  T H R E A D  ---------------

Current thread (0x000001a6ac9b7870):  JavaThread "Unknown thread" [_thread_in_vm, id=33616, stack(0x0000007628f00000,0x0000007629000000)]

Stack: [0x0000007628f00000,0x0000007629000000]
Native frames: (J=compiled Java code, j=interpreted, Vv=VM code, C=native code)
V  [jvm.dll+0x67a04a]
V  [jvm.dll+0x7da4ed]
V  [jvm.dll+0x7dbe33]
V  [jvm.dll+0x7dc4a3]
V  [jvm.dll+0x24508f]
V  [jvm.dll+0x677089]
V  [jvm.dll+0x66bd32]
V  [jvm.dll+0x301fa6]
V  [jvm.dll+0x309546]
V  [jvm.dll+0x359d2e]
V  [jvm.dll+0x359f5f]
V  [jvm.dll+0x2d9078]
V  [jvm.dll+0x2d9fe4]
V  [jvm.dll+0x7aca21]
V  [jvm.dll+0x367591]
V  [jvm.dll+0x78b999]
V  [jvm.dll+0x3ec83f]
V  [jvm.dll+0x3ee471]
C  [jli.dll+0x5297]
C  [ucrtbase.dll+0x21bb2]
C  [KERNEL32.DLL+0x17374]
C  [ntdll.dll+0x4cc91]


---------------  P R O C E S S  ---------------

Threads class SMR info:
_java_thread_list=0x00007fff85367a18, length=0, elements={
}

Java Threads: ( => current thread )

Other Threads:
  0x000001a6ac9e2a00 GCTaskThread "GC Thread#0" [stack: 0x0000007629000000,0x0000007629100000] [id=18060]
  0x000001a6ac9e7860 ConcurrentGCThread "G1 Main Marker" [stack: 0x0000007629100000,0x0000007629200000] [id=23504]
  0x000001a6ac9e8180 ConcurrentGCThread "G1 Conc#0" [stack: 0x0000007629200000,0x0000007629300000] [id=33416]

[error occurred during error reporting (printing all threads), id 0xc0000005, EXCEPTION_ACCESS_VIOLATION (0xc0000005) at pc=0x00007fff84b99b67]

VM state: not at safepoint (not fully initialized)

VM Mutex/Monitor currently owned by a thread:  ([mutex/lock_event])
[0x000001a6ac8dcc20] Heap_lock - owner thread: 0x000001a6ac9b7870

Heap address: 0x00000000e0000000, size: 512 MB, Compressed Oops mode: 32-bit

CDS archive(s) mapped at: [0x0000000000000000-0x0000000000000000-0x0000000000000000), size 0, SharedBaseAddress: 0x0000000800000000, ArchiveRelocationMode: 1.
Narrow klass base: 0x0000000000000000, Narrow klass shift: 0, Narrow klass range: 0x0

GC Precious Log:
<Empty>

Heap:
 garbage-first heap   total 0K, used 0K [0x00000000e0000000, 0x0000000100000000)
  region size 1024K, 0 young (0K), 0 survivors (0K)

[error occurred during error reporting (printing heap information), id 0xc0000005, EXCEPTION_ACCESS_VIOLATION (0xc0000005) at pc=0x00007fff84f83859]

GC Heap History (0 events):
No events

Deoptimization events (0 events):
No events

Classes unloaded (0 events):
No events

Classes redefined (0 events):
No events

Internal exceptions (0 events):
No events

VM Operations (0 events):
No events

Events (1 events):
Event: 0.006 Loaded shared library C:\Program Files\Java\jdk-17\bin\java.dll


Dynamic libraries:
0x00007ff6de5a0000 - 0x00007ff6de5b0000 	C:\Program Files\Java\jdk-17\bin\java.exe
0x00007ff840a90000 - 0x00007ff840c88000 	C:\WINDOWS\SYSTEM32\ntdll.dll
0x00007ff840950000 - 0x00007ff840a11000 	C:\WINDOWS\System32\KERNEL32.DLL
0x00007ff83e5a0000 - 0x00007ff83e89d000 	C:\WINDOWS\System32\KERNELBASE.dll
0x00007ff83e8a0000 - 0x00007ff83e9a0000 	C:\WINDOWS\System32\ucrtbase.dll
0x00007ff81e1e0000 - 0x00007ff81e1f9000 	C:\Program Files\Java\jdk-17\bin\jli.dll
0x00007ff821c80000 - 0x00007ff821c9b000 	C:\Program Files\Java\jdk-17\bin\VCRUNTIME140.dll
0x00007ff8403a0000 - 0x00007ff840450000 	C:\WINDOWS\System32\ADVAPI32.dll
0x00007ff83f250000 - 0x00007ff83f2ee000 	C:\WINDOWS\System32\msvcrt.dll
0x00007ff8404c0000 - 0x00007ff840560000 	C:\WINDOWS\System32\sechost.dll
0x00007ff8406e0000 - 0x00007ff840803000 	C:\WINDOWS\System32\RPCRT4.dll
0x00007ff83e3c0000 - 0x00007ff83e3e7000 	C:\WINDOWS\System32\bcrypt.dll
0x00007ff83fdd0000 - 0x00007ff83ff6d000 	C:\WINDOWS\System32\USER32.dll
0x00007ff83ea90000 - 0x00007ff83eab2000 	C:\WINDOWS\System32\win32u.dll
0x00007ff83fda0000 - 0x00007ff83fdcb000 	C:\WINDOWS\System32\GDI32.dll
0x00007ff83e480000 - 0x00007ff83e597000 	C:\WINDOWS\System32\gdi32full.dll
0x00007ff83e9a0000 - 0x00007ff83ea3d000 	C:\WINDOWS\System32\msvcp_win.dll
0x00007ff829b70000 - 0x00007ff829e0a000 	C:\WINDOWS\WinSxS\amd64_microsoft.windows.common-controls_6595b64144ccf1df_6.0.19041.4355_none_60b8b9eb71f62e16\COMCTL32.dll
0x00007ff835b70000 - 0x00007ff835b7a000 	C:\WINDOWS\SYSTEM32\VERSION.dll
0x00007ff840a20000 - 0x00007ff840a4f000 	C:\WINDOWS\System32\IMM32.DLL
0x00007ff834eb0000 - 0x00007ff834ebc000 	C:\Program Files\Java\jdk-17\bin\vcruntime140_1.dll
0x00007ff8096d0000 - 0x00007ff80975e000 	C:\Program Files\Java\jdk-17\bin\msvcp140.dll
0x00007fff848b0000 - 0x00007fff85490000 	C:\Program Files\Java\jdk-17\bin\server\jvm.dll
0x00007ff83f240000 - 0x00007ff83f248000 	C:\WINDOWS\System32\PSAPI.DLL
0x00007ff834e80000 - 0x00007ff834ea7000 	C:\WINDOWS\SYSTEM32\WINMM.dll
0x00007ff823d20000 - 0x00007ff823d29000 	C:\WINDOWS\SYSTEM32\WSOCK32.dll
0x00007ff8408e0000 - 0x00007ff84094b000 	C:\WINDOWS\System32\WS2_32.dll
0x00007ff83bfc0000 - 0x00007ff83bfd2000 	C:\WINDOWS\SYSTEM32\kernel.appcore.dll
0x00007ff8238b0000 - 0x00007ff8238ba000 	C:\Program Files\Java\jdk-17\bin\jimage.dll
0x00007ff82b240000 - 0x00007ff82b424000 	C:\WINDOWS\SYSTEM32\DBGHELP.DLL
0x00007ff826180000 - 0x00007ff8261b4000 	C:\WINDOWS\SYSTEM32\dbgcore.DLL
0x00007ff83e3f0000 - 0x00007ff83e472000 	C:\WINDOWS\System32\bcryptPrimitives.dll
0x00007ff817c00000 - 0x00007ff817c25000 	C:\Program Files\Java\jdk-17\bin\java.dll

dbghelp: loaded successfully - version: 4.0.5 - missing functions: none
symbol engine: initialized successfully - sym options: 0x614 - pdb path: .;C:\Program Files\Java\jdk-17\bin;C:\WINDOWS\SYSTEM32;C:\WINDOWS\WinSxS\amd64_microsoft.windows.common-controls_6595b64144ccf1df_6.0.19041.4355_none_60b8b9eb71f62e16;C:\Program Files\Java\jdk-17\bin\server

VM Arguments:
jvm_args: -Dorg.gradle.internal.worker.tmpdir=C:\University\Code Analysis\Practical second attempt\Triangle-Tools\a5-triangle-tools\Triangle.Compiler\build\tmp\test\work -Dorg.gradle.native=false -Xmx512m -Dfile.encoding=windows-1252 -Duser.country=GB -Duser.language=en -Duser.variant -ea 
java_command: worker.org.gradle.process.internal.worker.GradleWorkerMain 'Gradle Test Executor 11'
java_class_path (initial): C:\Users\tomki\.gradle\caches\8.3\workerMain\gradle-worker.jar;C:\University\Code Analysis\Practical second attempt\Triangle-Tools\a5-triangle-tools\Triangle.Compiler\build\classes\java\test;C:\University\Code Analysis\Practical second attempt\Triangle-Tools\a5-triangle-tools\Triangle.Compiler\build\resources\test;C:\University\Code Analysis\Practical second attempt\Triangle-Tools\a5-triangle-tools\Triangle.Compiler\build\classes\java\main;C:\University\Code Analysis\Practical second attempt\Triangle-Tools\a5-triangle-tools\Triangle.AbstractMachine\build\libs\Triangle.AbstractMachine.jar;C:\Users\tomki\.gradle\caches\modules-2\files-2.1\junit\junit\4.13.2\8ac9e16d933b6fb43bc7f576336b8f4d7eb5ba12\junit-4.13.2.jar;C:\Users\tomki\.gradle\caches\modules-2\files-2.1\org.hamcrest\hamcrest-core\1.3\42a25dc3219429f0e5d060061f71acb49bf010a0\hamcrest-core-1.3.jar
Launcher Type: SUN_STANDARD

[Global flags]
     intx CICompilerCount                          = 12                                        {product} {ergonomic}
     uint ConcGCThreads                            = 3                                         {product} {ergonomic}
     uint G1ConcRefinementThreads                  = 13                                        {product} {ergonomic}
   size_t G1HeapRegionSize                         = 1048576                                   {product} {ergonomic}
    uintx GCDrainStackTargetSize                   = 64                                        {product} {ergonomic}
   size_t InitialHeapSize                          = 125829120                                 {product} {ergonomic}
   size_t MarkStackSize                            = 4194304                                   {product} {ergonomic}
   size_t MaxHeapSize                              = 536870912                                 {product} {command line}
   size_t MinHeapDeltaBytes                        = 1048576                                   {product} {ergonomic}
   size_t MinHeapSize                              = 8388608                                   {product} {ergonomic}
    uintx NonNMethodCodeHeapSize                   = 7602480                                {pd product} {ergonomic}
    uintx NonProfiledCodeHeapSize                  = 122027880                              {pd product} {ergonomic}
    uintx ProfiledCodeHeapSize                     = 122027880                              {pd product} {ergonomic}
    uintx ReservedCodeCacheSize                    = 251658240                              {pd product} {ergonomic}
     bool SegmentedCodeCache                       = true                                      {product} {ergonomic}
   size_t SoftMaxHeapSize                          = 536870912                              {manageable} {ergonomic}
     bool UseCompressedClassPointers               = true                           {product lp64_product} {ergonomic}
     bool UseCompressedOops                        = true                           {product lp64_product} {ergonomic}
     bool UseG1GC                                  = true                                      {product} {ergonomic}
     bool UseLargePagesIndividualAllocation        = false                                  {pd product} {ergonomic}

Logging:
Log output configuration:
 #0: stdout all=warning uptime,level,tags
 #1: stderr all=off uptime,level,tags

Environment Variables:
CLASSPATH=C:\Gradle\gradle-8.3\lib\gradle-launcher-8.3.jar
PATH=C:\Program Files\Common Files\Oracle\Java\javapath;C:\jdk-21.0.2\bin;C:\Program Files\Git\cmd;C:\Gradle\gradle-8.3\bin;C:\Users\tomki\AppData\Local\Programs\Python\Launcher\;C:\Users\tomki\AppData\Local\Microsoft\WindowsApps;C:\Users\tomki\AppData\Local\Programs\Microsoft VS Code\bin;;C:\Program Files\JetBrains\PyCharm 2024.2.2\bin;
USERNAME=tomki
OS=Windows_NT
PROCESSOR_IDENTIFIER=AMD64 Family 23 Model 96 Stepping 1, AuthenticAMD



---------------  S Y S T E M  ---------------

OS:
 Windows 10 , 64 bit Build 19041 (10.0.19041.4842)
OS uptime: 2 days 4:45 hours

CPU: total 16 (initial active 16) (16 cores per cpu, 2 threads per core) family 23 model 96 stepping 1 microcode 0x0, cx8, cmov, fxsr, ht, mmx, 3dnowpref, sse, sse2, sse3, ssse3, sse4a, sse4.1, sse4.2, popcnt, lzcnt, tsc, tscinvbit, avx, avx2, aes, clmul, bmi1, bmi2, adx, sha, fma, vzeroupper, clflush, clflushopt

Memory: 4k page, system-wide physical 7597M (697M free)
TotalPageFile size 31149M (AvailPageFile size 95M)
current process WorkingSet (physical memory assigned to process): 10M, peak: 10M
current process commit charge ("private bytes"): 69M, peak: 189M

vm_info: Java HotSpot(TM) 64-Bit Server VM (17.0.12+8-LTS-286) for windows-amd64 JRE (17.0.12+8-LTS-286), built on Jun  5 2024 06:46:59 by "mach5one" with MS VC++ 17.6 (VS2022)

END.
