#
# There is insufficient memory for the Java Runtime Environment to continue.
# Native memory allocation (mmap) failed to map 65536 bytes for Failed to commit metaspace.
# Possible reasons:
#   The system is out of physical RAM or swap space
#   The process is running with CompressedOops enabled, and the Java Heap may be blocking the growth of the native heap
# Possible solutions:
#   Reduce memory load on the system
#   Increase physical memory or swap space
#   Check if swap backing store is full
#   Decrease Java heap size (-Xmx/-Xms)
#   Decrease number of Java threads
#   Decrease Java thread stack sizes (-Xss)
#   Set larger code cache with -XX:ReservedCodeCacheSize=
#   JVM is running with Unscaled Compressed Oops mode in which the Java heap is
#     placed in the first 4GB address space. The Java Heap base address is the
#     maximum limit for the native heap growth. Please use -XX:HeapBaseMinAddress
#     to set the Java Heap base and to place the Java Heap above 4GB virtual address.
# This output file may be truncated or incomplete.
#
#  Out of Memory Error (virtualSpaceNode.cpp:110), pid=11320, tid=23820
#
# JRE version: Java(TM) SE Runtime Environment (17.0.12+8) (build 17.0.12+8-LTS-286)
# Java VM: Java HotSpot(TM) 64-Bit Server VM (17.0.12+8-LTS-286, mixed mode, tiered, compressed oops, compressed class ptrs, g1 gc, windows-amd64)
# No core dump will be written. Minidumps are not enabled by default on client versions of Windows
#

---------------  S U M M A R Y ------------

Command Line: -Dorg.gradle.internal.worker.tmpdir=C:\University\Code Analysis\Practical second attempt\Triangle-Tools\a5-triangle-tools\Triangle.Compiler\build\tmp\test\work -Dorg.gradle.native=false -Xmx512m -Dfile.encoding=windows-1252 -Duser.country=GB -Duser.language=en -Duser.variant -ea worker.org.gradle.process.internal.worker.GradleWorkerMain 'Gradle Test Executor 9'

Host: AMD Ryzen 7 4800H with Radeon Graphics         , 16 cores, 7G,  Windows 10 , 64 bit Build 19041 (10.0.19041.4842)
Time: Fri Oct 11 15:51:13 2024 GMT Summer Time elapsed time: 0.130753 seconds (0d 0h 0m 0s)

---------------  T H R E A D  ---------------

Current thread (0x000001c416fc5410):  JavaThread "main" [_thread_in_vm, id=23820, stack(0x0000009379500000,0x0000009379600000)]

Stack: [0x0000009379500000,0x0000009379600000]
Native frames: (J=compiled Java code, j=interpreted, Vv=VM code, C=native code)
V  [jvm.dll+0x67a04a]
V  [jvm.dll+0x7da4ed]
V  [jvm.dll+0x7dbe33]
V  [jvm.dll+0x7dc4a3]
V  [jvm.dll+0x24508f]
V  [jvm.dll+0x7d60bb]
V  [jvm.dll+0x6206c6]
V  [jvm.dll+0x62072a]
V  [jvm.dll+0x622f4d]
V  [jvm.dll+0x621086]
V  [jvm.dll+0x23936f]
V  [jvm.dll+0x62af35]
V  [jvm.dll+0x1e84b2]
V  [jvm.dll+0x1e89d5]
V  [jvm.dll+0x1e931b]
V  [jvm.dll+0x1dea41]
V  [jvm.dll+0x53f78c]
V  [jvm.dll+0x1ef3ca]
V  [jvm.dll+0x7547ad]
V  [jvm.dll+0x755bc6]
V  [jvm.dll+0x755ef8]
V  [jvm.dll+0x23d13b]
V  [jvm.dll+0x37d08e]
C  0x000001c425cfb5a7

Java frames: (J=compiled Java code, j=interpreted, Vv=VM code)
j  jdk.internal.org.objectweb.asm.ClassWriter.visitMethod(ILjava/lang/String;Ljava/lang/String;Ljava/lang/String;[Ljava/lang/String;)Ljdk/internal/org/objectweb/asm/MethodVisitor;+0 java.base@17.0.12
j  java.lang.invoke.InnerClassLambdaMetafactory.generateConstructor()V+17 java.base@17.0.12
j  java.lang.invoke.InnerClassLambdaMetafactory.generateInnerClass()Ljava/lang/Class;+260 java.base@17.0.12
j  java.lang.invoke.InnerClassLambdaMetafactory.spinInnerClass()Ljava/lang/Class;+114 java.base@17.0.12
j  java.lang.invoke.InnerClassLambdaMetafactory.buildCallSite()Ljava/lang/invoke/CallSite;+1 java.base@17.0.12
j  java.lang.invoke.LambdaMetafactory.metafactory(Ljava/lang/invoke/MethodHandles$Lookup;Ljava/lang/String;Ljava/lang/invoke/MethodType;Ljava/lang/invoke/MethodType;Ljava/lang/invoke/MethodHandle;Ljava/lang/invoke/MethodType;)Ljava/lang/invoke/CallSite;+67 java.base@17.0.12
j  java.lang.invoke.DirectMethodHandle$Holder.invokeStatic(Ljava/lang/Object;Ljava/lang/Object;Ljava/lang/Object;Ljava/lang/Object;Ljava/lang/Object;Ljava/lang/Object;Ljava/lang/Object;)Ljava/lang/Object;+20 java.base@17.0.12
j  java.lang.invoke.Invokers$Holder.invokeExact_MT(Ljava/lang/Object;Ljava/lang/Object;Ljava/lang/Object;Ljava/lang/Object;Ljava/lang/Object;Ljava/lang/Object;Ljava/lang/Object;Ljava/lang/Object;)Ljava/lang/Object;+28 java.base@17.0.12
j  java.lang.invoke.BootstrapMethodInvoker.invoke(Ljava/lang/Class;Ljava/lang/invoke/MethodHandle;Ljava/lang/String;Ljava/lang/Object;Ljava/lang/Object;Ljava/lang/Class;)Ljava/lang/Object;+319 java.base@17.0.12
j  java.lang.invoke.CallSite.makeSite(Ljava/lang/invoke/MethodHandle;Ljava/lang/String;Ljava/lang/invoke/MethodType;Ljava/lang/Object;Ljava/lang/Class;)Ljava/lang/invoke/CallSite;+8 java.base@17.0.12
j  java.lang.invoke.MethodHandleNatives.linkCallSiteImpl(Ljava/lang/Class;Ljava/lang/invoke/MethodHandle;Ljava/lang/String;Ljava/lang/invoke/MethodType;Ljava/lang/Object;[Ljava/lang/Object;)Ljava/lang/invoke/MemberName;+6 java.base@17.0.12
j  java.lang.invoke.MethodHandleNatives.linkCallSite(Ljava/lang/Object;ILjava/lang/Object;Ljava/lang/Object;Ljava/lang/Object;Ljava/lang/Object;[Ljava/lang/Object;)Ljava/lang/invoke/MemberName;+46 java.base@17.0.12
v  ~StubRoutines::call_stub
j  java.lang.ClassLoader.packages()Ljava/util/stream/Stream;+13 java.base@17.0.12
j  java.lang.ClassLoader.getPackages()[Ljava/lang/Package;+1 java.base@17.0.12
j  worker.org.gradle.internal.classloader.FilteringClassLoader$RetrieveSystemPackagesClassLoader.getPackages()[Ljava/lang/Package;+1
j  worker.org.gradle.internal.classloader.FilteringClassLoader.<clinit>()V+26
v  ~StubRoutines::call_stub
j  worker.org.gradle.process.internal.worker.GradleWorkerMain.run()V+161
j  worker.org.gradle.process.internal.worker.GradleWorkerMain.main([Ljava/lang/String;)V+7
v  ~StubRoutines::call_stub

---------------  P R O C E S S  ---------------

Threads class SMR info:
_java_thread_list=0x000001c432631ba0, length=13, elements={
0x000001c416fc5410, 0x000001c43239e620, 0x000001c432351550, 0x000001c43235ab80,
0x000001c43235b450, 0x000001c43235bd20, 0x000001c4323d4420, 0x000001c4324e8090,
0x000001c4323d77e0, 0x000001c4324e9ad0, 0x000001c432644ce0, 0x000001c43265a290,
0x000001c43266bc30
}

Java Threads: ( => current thread )
=>0x000001c416fc5410 JavaThread "main" [_thread_in_vm, id=23820, stack(0x0000009379500000,0x0000009379600000)]
  0x000001c43239e620 JavaThread "Reference Handler" daemon [_thread_blocked, id=22260, stack(0x0000009379c00000,0x0000009379d00000)]
  0x000001c432351550 JavaThread "Finalizer" daemon [_thread_blocked, id=28420, stack(0x0000009379d00000,0x0000009379e00000)]
  0x000001c43235ab80 JavaThread "Signal Dispatcher" daemon [_thread_blocked, id=19196, stack(0x0000009379e00000,0x0000009379f00000)]
  0x000001c43235b450 JavaThread "Attach Listener" daemon [_thread_blocked, id=30544, stack(0x0000009379f00000,0x000000937a000000)]
  0x000001c43235bd20 JavaThread "Service Thread" daemon [_thread_blocked, id=25832, stack(0x000000937a000000,0x000000937a100000)]
  0x000001c4323d4420 JavaThread "Monitor Deflation Thread" daemon [_thread_blocked, id=14500, stack(0x000000937a100000,0x000000937a200000)]
  0x000001c4324e8090 JavaThread "C2 CompilerThread0" daemon [_thread_blocked, id=12312, stack(0x000000937a200000,0x000000937a300000)]
  0x000001c4323d77e0 JavaThread "C1 CompilerThread0" daemon [_thread_blocked, id=26752, stack(0x000000937a300000,0x000000937a400000)]
  0x000001c4324e9ad0 JavaThread "Sweeper thread" daemon [_thread_blocked, id=9068, stack(0x000000937a400000,0x000000937a500000)]
  0x000001c432644ce0 JavaThread "C1 CompilerThread1" daemon [_thread_blocked, id=27812, stack(0x000000937a500000,0x000000937a600000)]
  0x000001c43265a290 JavaThread "Notification Thread" daemon [_thread_blocked, id=17256, stack(0x000000937a600000,0x000000937a700000)]
  0x000001c43266bc30 JavaThread "Common-Cleaner" daemon [_thread_blocked, id=24168, stack(0x000000937a800000,0x000000937a900000)]

Other Threads:
  0x000001c4323285e0 VMThread "VM Thread" [stack: 0x0000009379b00000,0x0000009379c00000] [id=28140]
  0x000001c4326677e0 WatcherThread [stack: 0x000000937a700000,0x000000937a800000] [id=26528]
  0x000001c416ff4fd0 GCTaskThread "GC Thread#0" [stack: 0x0000009379600000,0x0000009379700000] [id=3860]
  0x000001c416ff9e30 ConcurrentGCThread "G1 Main Marker" [stack: 0x0000009379700000,0x0000009379800000] [id=31676]
  0x000001c416ffb760 ConcurrentGCThread "G1 Conc#0" [stack: 0x0000009379800000,0x0000009379900000] [id=9360]
  0x000001c41708d3f0 ConcurrentGCThread "G1 Refine#0" [stack: 0x0000009379900000,0x0000009379a00000] [id=32748]
  0x000001c41708dd30 ConcurrentGCThread "G1 Service" [stack: 0x0000009379a00000,0x0000009379b00000] [id=32676]

Threads with active compile tasks:

VM state: not at safepoint (normal execution)

VM Mutex/Monitor currently owned by a thread:  ([mutex/lock_event])
[0x000001c416fbf750] Metaspace_lock - owner thread: 0x000001c416fc5410

Heap address: 0x00000000e0000000, size: 512 MB, Compressed Oops mode: 32-bit

CDS archive(s) not mapped
Compressed class space mapped at: 0x0000000100000000-0x0000000140000000, reserved size: 1073741824
Narrow klass base: 0x0000000000000000, Narrow klass shift: 3, Narrow klass range: 0x140000000

GC Precious Log:
 CPUs: 16 total, 16 available
 Memory: 7597M
 Large Page Support: Disabled
 NUMA Support: Disabled
 Compressed Oops: Enabled (32-bit)
 Heap Region Size: 1M
 Heap Min Capacity: 8M
 Heap Initial Capacity: 120M
 Heap Max Capacity: 512M
 Pre-touch: Disabled
 Parallel Workers: 13
 Concurrent Workers: 3
 Concurrent Refinement Workers: 13
 Periodic GC: Disabled

Heap:
 garbage-first heap   total 122880K, used 1024K [0x00000000e0000000, 0x0000000100000000)
  region size 1024K, 2 young (2048K), 0 survivors (0K)
 Metaspace       used 5355K, committed 5440K, reserved 1114112K
  class space    used 440K, committed 512K, reserved 1048576K

Heap Regions: E=young(eden), S=young(survivor), O=old, HS=humongous(starts), HC=humongous(continues), CS=collection set, F=free, OA=open archive, CA=closed archive, TAMS=top-at-mark-start (previous, next)
|   0|0x00000000e0000000, 0x00000000e0000000, 0x00000000e0100000|  0%| F|  |TAMS 0x00000000e0000000, 0x00000000e0000000| Untracked 
|   1|0x00000000e0100000, 0x00000000e0100000, 0x00000000e0200000|  0%| F|  |TAMS 0x00000000e0100000, 0x00000000e0100000| Untracked 
|   2|0x00000000e0200000, 0x00000000e0200000, 0x00000000e0300000|  0%| F|  |TAMS 0x00000000e0200000, 0x00000000e0200000| Untracked 
|   3|0x00000000e0300000, 0x00000000e0300000, 0x00000000e0400000|  0%| F|  |TAMS 0x00000000e0300000, 0x00000000e0300000| Untracked 
|   4|0x00000000e0400000, 0x00000000e0400000, 0x00000000e0500000|  0%| F|  |TAMS 0x00000000e0400000, 0x00000000e0400000| Untracked 
|   5|0x00000000e0500000, 0x00000000e0500000, 0x00000000e0600000|  0%| F|  |TAMS 0x00000000e0500000, 0x00000000e0500000| Untracked 
|   6|0x00000000e0600000, 0x00000000e0600000, 0x00000000e0700000|  0%| F|  |TAMS 0x00000000e0600000, 0x00000000e0600000| Untracked 
|   7|0x00000000e0700000, 0x00000000e0700000, 0x00000000e0800000|  0%| F|  |TAMS 0x00000000e0700000, 0x00000000e0700000| Untracked 
|   8|0x00000000e0800000, 0x00000000e0800000, 0x00000000e0900000|  0%| F|  |TAMS 0x00000000e0800000, 0x00000000e0800000| Untracked 
|   9|0x00000000e0900000, 0x00000000e0900000, 0x00000000e0a00000|  0%| F|  |TAMS 0x00000000e0900000, 0x00000000e0900000| Untracked 
|  10|0x00000000e0a00000, 0x00000000e0a00000, 0x00000000e0b00000|  0%| F|  |TAMS 0x00000000e0a00000, 0x00000000e0a00000| Untracked 
|  11|0x00000000e0b00000, 0x00000000e0b00000, 0x00000000e0c00000|  0%| F|  |TAMS 0x00000000e0b00000, 0x00000000e0b00000| Untracked 
|  12|0x00000000e0c00000, 0x00000000e0c00000, 0x00000000e0d00000|  0%| F|  |TAMS 0x00000000e0c00000, 0x00000000e0c00000| Untracked 
|  13|0x00000000e0d00000, 0x00000000e0d00000, 0x00000000e0e00000|  0%| F|  |TAMS 0x00000000e0d00000, 0x00000000e0d00000| Untracked 
|  14|0x00000000e0e00000, 0x00000000e0e00000, 0x00000000e0f00000|  0%| F|  |TAMS 0x00000000e0e00000, 0x00000000e0e00000| Untracked 
|  15|0x00000000e0f00000, 0x00000000e0f00000, 0x00000000e1000000|  0%| F|  |TAMS 0x00000000e0f00000, 0x00000000e0f00000| Untracked 
|  16|0x00000000e1000000, 0x00000000e1000000, 0x00000000e1100000|  0%| F|  |TAMS 0x00000000e1000000, 0x00000000e1000000| Untracked 
|  17|0x00000000e1100000, 0x00000000e1100000, 0x00000000e1200000|  0%| F|  |TAMS 0x00000000e1100000, 0x00000000e1100000| Untracked 
|  18|0x00000000e1200000, 0x00000000e1200000, 0x00000000e1300000|  0%| F|  |TAMS 0x00000000e1200000, 0x00000000e1200000| Untracked 
|  19|0x00000000e1300000, 0x00000000e1300000, 0x00000000e1400000|  0%| F|  |TAMS 0x00000000e1300000, 0x00000000e1300000| Untracked 
|  20|0x00000000e1400000, 0x00000000e1400000, 0x00000000e1500000|  0%| F|  |TAMS 0x00000000e1400000, 0x00000000e1400000| Untracked 
|  21|0x00000000e1500000, 0x00000000e1500000, 0x00000000e1600000|  0%| F|  |TAMS 0x00000000e1500000, 0x00000000e1500000| Untracked 
|  22|0x00000000e1600000, 0x00000000e1600000, 0x00000000e1700000|  0%| F|  |TAMS 0x00000000e1600000, 0x00000000e1600000| Untracked 
|  23|0x00000000e1700000, 0x00000000e1700000, 0x00000000e1800000|  0%| F|  |TAMS 0x00000000e1700000, 0x00000000e1700000| Untracked 
|  24|0x00000000e1800000, 0x00000000e1800000, 0x00000000e1900000|  0%| F|  |TAMS 0x00000000e1800000, 0x00000000e1800000| Untracked 
|  25|0x00000000e1900000, 0x00000000e1900000, 0x00000000e1a00000|  0%| F|  |TAMS 0x00000000e1900000, 0x00000000e1900000| Untracked 
|  26|0x00000000e1a00000, 0x00000000e1a00000, 0x00000000e1b00000|  0%| F|  |TAMS 0x00000000e1a00000, 0x00000000e1a00000| Untracked 
|  27|0x00000000e1b00000, 0x00000000e1b00000, 0x00000000e1c00000|  0%| F|  |TAMS 0x00000000e1b00000, 0x00000000e1b00000| Untracked 
|  28|0x00000000e1c00000, 0x00000000e1c00000, 0x00000000e1d00000|  0%| F|  |TAMS 0x00000000e1c00000, 0x00000000e1c00000| Untracked 
|  29|0x00000000e1d00000, 0x00000000e1d00000, 0x00000000e1e00000|  0%| F|  |TAMS 0x00000000e1d00000, 0x00000000e1d00000| Untracked 
|  30|0x00000000e1e00000, 0x00000000e1e00000, 0x00000000e1f00000|  0%| F|  |TAMS 0x00000000e1e00000, 0x00000000e1e00000| Untracked 
|  31|0x00000000e1f00000, 0x00000000e1f00000, 0x00000000e2000000|  0%| F|  |TAMS 0x00000000e1f00000, 0x00000000e1f00000| Untracked 
|  32|0x00000000e2000000, 0x00000000e2000000, 0x00000000e2100000|  0%| F|  |TAMS 0x00000000e2000000, 0x00000000e2000000| Untracked 
|  33|0x00000000e2100000, 0x00000000e2100000, 0x00000000e2200000|  0%| F|  |TAMS 0x00000000e2100000, 0x00000000e2100000| Untracked 
|  34|0x00000000e2200000, 0x00000000e2200000, 0x00000000e2300000|  0%| F|  |TAMS 0x00000000e2200000, 0x00000000e2200000| Untracked 
|  35|0x00000000e2300000, 0x00000000e2300000, 0x00000000e2400000|  0%| F|  |TAMS 0x00000000e2300000, 0x00000000e2300000| Untracked 
|  36|0x00000000e2400000, 0x00000000e2400000, 0x00000000e2500000|  0%| F|  |TAMS 0x00000000e2400000, 0x00000000e2400000| Untracked 
|  37|0x00000000e2500000, 0x00000000e2500000, 0x00000000e2600000|  0%| F|  |TAMS 0x00000000e2500000, 0x00000000e2500000| Untracked 
|  38|0x00000000e2600000, 0x00000000e2600000, 0x00000000e2700000|  0%| F|  |TAMS 0x00000000e2600000, 0x00000000e2600000| Untracked 
|  39|0x00000000e2700000, 0x00000000e2700000, 0x00000000e2800000|  0%| F|  |TAMS 0x00000000e2700000, 0x00000000e2700000| Untracked 
|  40|0x00000000e2800000, 0x00000000e2800000, 0x00000000e2900000|  0%| F|  |TAMS 0x00000000e2800000, 0x00000000e2800000| Untracked 
|  41|0x00000000e2900000, 0x00000000e2900000, 0x00000000e2a00000|  0%| F|  |TAMS 0x00000000e2900000, 0x00000000e2900000| Untracked 
|  42|0x00000000e2a00000, 0x00000000e2a00000, 0x00000000e2b00000|  0%| F|  |TAMS 0x00000000e2a00000, 0x00000000e2a00000| Untracked 
|  43|0x00000000e2b00000, 0x00000000e2b00000, 0x00000000e2c00000|  0%| F|  |TAMS 0x00000000e2b00000, 0x00000000e2b00000| Untracked 
|  44|0x00000000e2c00000, 0x00000000e2c00000, 0x00000000e2d00000|  0%| F|  |TAMS 0x00000000e2c00000, 0x00000000e2c00000| Untracked 
|  45|0x00000000e2d00000, 0x00000000e2d00000, 0x00000000e2e00000|  0%| F|  |TAMS 0x00000000e2d00000, 0x00000000e2d00000| Untracked 
|  46|0x00000000e2e00000, 0x00000000e2e00000, 0x00000000e2f00000|  0%| F|  |TAMS 0x00000000e2e00000, 0x00000000e2e00000| Untracked 
|  47|0x00000000e2f00000, 0x00000000e2f00000, 0x00000000e3000000|  0%| F|  |TAMS 0x00000000e2f00000, 0x00000000e2f00000| Untracked 
|  48|0x00000000e3000000, 0x00000000e3000000, 0x00000000e3100000|  0%| F|  |TAMS 0x00000000e3000000, 0x00000000e3000000| Untracked 
|  49|0x00000000e3100000, 0x00000000e3100000, 0x00000000e3200000|  0%| F|  |TAMS 0x00000000e3100000, 0x00000000e3100000| Untracked 
|  50|0x00000000e3200000, 0x00000000e3200000, 0x00000000e3300000|  0%| F|  |TAMS 0x00000000e3200000, 0x00000000e3200000| Untracked 
|  51|0x00000000e3300000, 0x00000000e3300000, 0x00000000e3400000|  0%| F|  |TAMS 0x00000000e3300000, 0x00000000e3300000| Untracked 
|  52|0x00000000e3400000, 0x00000000e3400000, 0x00000000e3500000|  0%| F|  |TAMS 0x00000000e3400000, 0x00000000e3400000| Untracked 
|  53|0x00000000e3500000, 0x00000000e3500000, 0x00000000e3600000|  0%| F|  |TAMS 0x00000000e3500000, 0x00000000e3500000| Untracked 
|  54|0x00000000e3600000, 0x00000000e3600000, 0x00000000e3700000|  0%| F|  |TAMS 0x00000000e3600000, 0x00000000e3600000| Untracked 
|  55|0x00000000e3700000, 0x00000000e3700000, 0x00000000e3800000|  0%| F|  |TAMS 0x00000000e3700000, 0x00000000e3700000| Untracked 
|  56|0x00000000e3800000, 0x00000000e3800000, 0x00000000e3900000|  0%| F|  |TAMS 0x00000000e3800000, 0x00000000e3800000| Untracked 
|  57|0x00000000e3900000, 0x00000000e3900000, 0x00000000e3a00000|  0%| F|  |TAMS 0x00000000e3900000, 0x00000000e3900000| Untracked 
|  58|0x00000000e3a00000, 0x00000000e3a00000, 0x00000000e3b00000|  0%| F|  |TAMS 0x00000000e3a00000, 0x00000000e3a00000| Untracked 
|  59|0x00000000e3b00000, 0x00000000e3b00000, 0x00000000e3c00000|  0%| F|  |TAMS 0x00000000e3b00000, 0x00000000e3b00000| Untracked 
|  60|0x00000000e3c00000, 0x00000000e3c00000, 0x00000000e3d00000|  0%| F|  |TAMS 0x00000000e3c00000, 0x00000000e3c00000| Untracked 
|  61|0x00000000e3d00000, 0x00000000e3d00000, 0x00000000e3e00000|  0%| F|  |TAMS 0x00000000e3d00000, 0x00000000e3d00000| Untracked 
|  62|0x00000000e3e00000, 0x00000000e3e00000, 0x00000000e3f00000|  0%| F|  |TAMS 0x00000000e3e00000, 0x00000000e3e00000| Untracked 
|  63|0x00000000e3f00000, 0x00000000e3f00000, 0x00000000e4000000|  0%| F|  |TAMS 0x00000000e3f00000, 0x00000000e3f00000| Untracked 
|  64|0x00000000e4000000, 0x00000000e4000000, 0x00000000e4100000|  0%| F|  |TAMS 0x00000000e4000000, 0x00000000e4000000| Untracked 
|  65|0x00000000e4100000, 0x00000000e4100000, 0x00000000e4200000|  0%| F|  |TAMS 0x00000000e4100000, 0x00000000e4100000| Untracked 
|  66|0x00000000e4200000, 0x00000000e4200000, 0x00000000e4300000|  0%| F|  |TAMS 0x00000000e4200000, 0x00000000e4200000| Untracked 
|  67|0x00000000e4300000, 0x00000000e4300000, 0x00000000e4400000|  0%| F|  |TAMS 0x00000000e4300000, 0x00000000e4300000| Untracked 
|  68|0x00000000e4400000, 0x00000000e4400000, 0x00000000e4500000|  0%| F|  |TAMS 0x00000000e4400000, 0x00000000e4400000| Untracked 
|  69|0x00000000e4500000, 0x00000000e4500000, 0x00000000e4600000|  0%| F|  |TAMS 0x00000000e4500000, 0x00000000e4500000| Untracked 
|  70|0x00000000e4600000, 0x00000000e4600000, 0x00000000e4700000|  0%| F|  |TAMS 0x00000000e4600000, 0x00000000e4600000| Untracked 
|  71|0x00000000e4700000, 0x00000000e4700000, 0x00000000e4800000|  0%| F|  |TAMS 0x00000000e4700000, 0x00000000e4700000| Untracked 
|  72|0x00000000e4800000, 0x00000000e4800000, 0x00000000e4900000|  0%| F|  |TAMS 0x00000000e4800000, 0x00000000e4800000| Untracked 
|  73|0x00000000e4900000, 0x00000000e4900000, 0x00000000e4a00000|  0%| F|  |TAMS 0x00000000e4900000, 0x00000000e4900000| Untracked 
|  74|0x00000000e4a00000, 0x00000000e4a00000, 0x00000000e4b00000|  0%| F|  |TAMS 0x00000000e4a00000, 0x00000000e4a00000| Untracked 
|  75|0x00000000e4b00000, 0x00000000e4b00000, 0x00000000e4c00000|  0%| F|  |TAMS 0x00000000e4b00000, 0x00000000e4b00000| Untracked 
|  76|0x00000000e4c00000, 0x00000000e4c00000, 0x00000000e4d00000|  0%| F|  |TAMS 0x00000000e4c00000, 0x00000000e4c00000| Untracked 
|  77|0x00000000e4d00000, 0x00000000e4d00000, 0x00000000e4e00000|  0%| F|  |TAMS 0x00000000e4d00000, 0x00000000e4d00000| Untracked 
|  78|0x00000000e4e00000, 0x00000000e4e00000, 0x00000000e4f00000|  0%| F|  |TAMS 0x00000000e4e00000, 0x00000000e4e00000| Untracked 
|  79|0x00000000e4f00000, 0x00000000e4f00000, 0x00000000e5000000|  0%| F|  |TAMS 0x00000000e4f00000, 0x00000000e4f00000| Untracked 
|  80|0x00000000e5000000, 0x00000000e5000000, 0x00000000e5100000|  0%| F|  |TAMS 0x00000000e5000000, 0x00000000e5000000| Untracked 
|  81|0x00000000e5100000, 0x00000000e5100000, 0x00000000e5200000|  0%| F|  |TAMS 0x00000000e5100000, 0x00000000e5100000| Untracked 
|  82|0x00000000e5200000, 0x00000000e5200000, 0x00000000e5300000|  0%| F|  |TAMS 0x00000000e5200000, 0x00000000e5200000| Untracked 
|  83|0x00000000e5300000, 0x00000000e5300000, 0x00000000e5400000|  0%| F|  |TAMS 0x00000000e5300000, 0x00000000e5300000| Untracked 
|  84|0x00000000e5400000, 0x00000000e5400000, 0x00000000e5500000|  0%| F|  |TAMS 0x00000000e5400000, 0x00000000e5400000| Untracked 
|  85|0x00000000e5500000, 0x00000000e5500000, 0x00000000e5600000|  0%| F|  |TAMS 0x00000000e5500000, 0x00000000e5500000| Untracked 
|  86|0x00000000e5600000, 0x00000000e5600000, 0x00000000e5700000|  0%| F|  |TAMS 0x00000000e5600000, 0x00000000e5600000| Untracked 
|  87|0x00000000e5700000, 0x00000000e5700000, 0x00000000e5800000|  0%| F|  |TAMS 0x00000000e5700000, 0x00000000e5700000| Untracked 
|  88|0x00000000e5800000, 0x00000000e5800000, 0x00000000e5900000|  0%| F|  |TAMS 0x00000000e5800000, 0x00000000e5800000| Untracked 
|  89|0x00000000e5900000, 0x00000000e5900000, 0x00000000e5a00000|  0%| F|  |TAMS 0x00000000e5900000, 0x00000000e5900000| Untracked 
|  90|0x00000000e5a00000, 0x00000000e5a00000, 0x00000000e5b00000|  0%| F|  |TAMS 0x00000000e5a00000, 0x00000000e5a00000| Untracked 
|  91|0x00000000e5b00000, 0x00000000e5b00000, 0x00000000e5c00000|  0%| F|  |TAMS 0x00000000e5b00000, 0x00000000e5b00000| Untracked 
|  92|0x00000000e5c00000, 0x00000000e5c00000, 0x00000000e5d00000|  0%| F|  |TAMS 0x00000000e5c00000, 0x00000000e5c00000| Untracked 
|  93|0x00000000e5d00000, 0x00000000e5d00000, 0x00000000e5e00000|  0%| F|  |TAMS 0x00000000e5d00000, 0x00000000e5d00000| Untracked 
|  94|0x00000000e5e00000, 0x00000000e5e00000, 0x00000000e5f00000|  0%| F|  |TAMS 0x00000000e5e00000, 0x00000000e5e00000| Untracked 
|  95|0x00000000e5f00000, 0x00000000e5f00000, 0x00000000e6000000|  0%| F|  |TAMS 0x00000000e5f00000, 0x00000000e5f00000| Untracked 
|  96|0x00000000e6000000, 0x00000000e6000000, 0x00000000e6100000|  0%| F|  |TAMS 0x00000000e6000000, 0x00000000e6000000| Untracked 
|  97|0x00000000e6100000, 0x00000000e6100000, 0x00000000e6200000|  0%| F|  |TAMS 0x00000000e6100000, 0x00000000e6100000| Untracked 
|  98|0x00000000e6200000, 0x00000000e6200000, 0x00000000e6300000|  0%| F|  |TAMS 0x00000000e6200000, 0x00000000e6200000| Untracked 
|  99|0x00000000e6300000, 0x00000000e6300000, 0x00000000e6400000|  0%| F|  |TAMS 0x00000000e6300000, 0x00000000e6300000| Untracked 
| 100|0x00000000e6400000, 0x00000000e6400000, 0x00000000e6500000|  0%| F|  |TAMS 0x00000000e6400000, 0x00000000e6400000| Untracked 
| 101|0x00000000e6500000, 0x00000000e6500000, 0x00000000e6600000|  0%| F|  |TAMS 0x00000000e6500000, 0x00000000e6500000| Untracked 
| 102|0x00000000e6600000, 0x00000000e6600000, 0x00000000e6700000|  0%| F|  |TAMS 0x00000000e6600000, 0x00000000e6600000| Untracked 
| 103|0x00000000e6700000, 0x00000000e6700000, 0x00000000e6800000|  0%| F|  |TAMS 0x00000000e6700000, 0x00000000e6700000| Untracked 
| 104|0x00000000e6800000, 0x00000000e6800000, 0x00000000e6900000|  0%| F|  |TAMS 0x00000000e6800000, 0x00000000e6800000| Untracked 
| 105|0x00000000e6900000, 0x00000000e6900000, 0x00000000e6a00000|  0%| F|  |TAMS 0x00000000e6900000, 0x00000000e6900000| Untracked 
| 106|0x00000000e6a00000, 0x00000000e6a00000, 0x00000000e6b00000|  0%| F|  |TAMS 0x00000000e6a00000, 0x00000000e6a00000| Untracked 
| 107|0x00000000e6b00000, 0x00000000e6b00000, 0x00000000e6c00000|  0%| F|  |TAMS 0x00000000e6b00000, 0x00000000e6b00000| Untracked 
| 108|0x00000000e6c00000, 0x00000000e6c00000, 0x00000000e6d00000|  0%| F|  |TAMS 0x00000000e6c00000, 0x00000000e6c00000| Untracked 
| 109|0x00000000e6d00000, 0x00000000e6d00000, 0x00000000e6e00000|  0%| F|  |TAMS 0x00000000e6d00000, 0x00000000e6d00000| Untracked 
| 110|0x00000000e6e00000, 0x00000000e6e00000, 0x00000000e6f00000|  0%| F|  |TAMS 0x00000000e6e00000, 0x00000000e6e00000| Untracked 
| 111|0x00000000e6f00000, 0x00000000e6f00000, 0x00000000e7000000|  0%| F|  |TAMS 0x00000000e6f00000, 0x00000000e6f00000| Untracked 
| 112|0x00000000e7000000, 0x00000000e7000000, 0x00000000e7100000|  0%| F|  |TAMS 0x00000000e7000000, 0x00000000e7000000| Untracked 
| 113|0x00000000e7100000, 0x00000000e7100000, 0x00000000e7200000|  0%| F|  |TAMS 0x00000000e7100000, 0x00000000e7100000| Untracked 
| 114|0x00000000e7200000, 0x00000000e7200000, 0x00000000e7300000|  0%| F|  |TAMS 0x00000000e7200000, 0x00000000e7200000| Untracked 
| 115|0x00000000e7300000, 0x00000000e7300000, 0x00000000e7400000|  0%| F|  |TAMS 0x00000000e7300000, 0x00000000e7300000| Untracked 
| 116|0x00000000e7400000, 0x00000000e7400000, 0x00000000e7500000|  0%| F|  |TAMS 0x00000000e7400000, 0x00000000e7400000| Untracked 
| 117|0x00000000e7500000, 0x00000000e7500000, 0x00000000e7600000|  0%| F|  |TAMS 0x00000000e7500000, 0x00000000e7500000| Untracked 
| 118|0x00000000e7600000, 0x00000000e76ec098, 0x00000000e7700000| 92%| E|  |TAMS 0x00000000e7600000, 0x00000000e7600000| Complete 
| 119|0x00000000e7700000, 0x00000000e7800000, 0x00000000e7800000|100%| E|CS|TAMS 0x00000000e7700000, 0x00000000e7700000| Complete 

Card table byte_map: [0x000001c42e210000,0x000001c42e310000] _byte_map_base: 0x000001c42db10000

Marking Bits (Prev, Next): (CMBitMap*) 0x000001c416ff5500, (CMBitMap*) 0x000001c416ff5540
 Prev Bits: [0x000001c42e410000, 0x000001c42ec10000)
 Next Bits: [0x000001c42ec10000, 0x000001c42f410000)

Polling page: 0x000001c414f70000

Metaspace:

Usage:
  Non-class:      4.80 MB used.
      Class:    440.38 KB used.
       Both:      5.23 MB used.

Virtual space:
  Non-class space:       64.00 MB reserved,       4.81 MB (  8%) committed,  1 nodes.
      Class space:        1.00 GB reserved,     512.00 KB ( <1%) committed,  1 nodes.
             Both:        1.06 GB reserved,       5.31 MB ( <1%) committed. 

Chunk freelists:
   Non-Class:  10.94 MB
       Class:  15.55 MB
        Both:  26.48 MB

MaxMetaspaceSize: unlimited
CompressedClassSpaceSize: 1.00 GB
Initial GC threshold: 21.00 MB
Current GC threshold: 21.00 MB
CDS: off
MetaspaceReclaimPolicy: balanced
 - commit_granule_bytes: 65536.
 - commit_granule_words: 8192.
 - virtual_space_node_default_size: 8388608.
 - enlarge_chunks_in_place: 1.
 - new_chunks_are_fully_committed: 0.
 - uncommit_free_chunks: 1.
 - use_allocation_guard: 0.
 - handle_deallocations: 1.


Internal statistics:

num_allocs_failed_limit: 0.
num_arena_births: 4.
num_arena_deaths: 0.
num_vsnodes_births: 2.
num_vsnodes_deaths: 0.
num_space_committed: 85.
num_space_uncommitted: 0.
num_chunks_returned_to_freelist: 0.
num_chunks_taken_from_freelist: 14.
num_chunk_merges: 0.
num_chunk_splits: 7.
num_chunks_enlarged: 6.
num_inconsistent_stats: 0.

CodeHeap 'non-profiled nmethods': size=119168Kb used=20Kb max_used=20Kb free=119148Kb
 bounds [0x000001c426430000, 0x000001c4266a0000, 0x000001c42d890000]
CodeHeap 'profiled nmethods': size=119104Kb used=138Kb max_used=138Kb free=118965Kb
 bounds [0x000001c41e890000, 0x000001c41eb00000, 0x000001c425ce0000]
CodeHeap 'non-nmethods': size=7488Kb used=1645Kb max_used=1645Kb free=5842Kb
 bounds [0x000001c425ce0000, 0x000001c425f50000, 0x000001c426430000]
 total_blobs=460 nmethods=106 adapters=266
 compilation: enabled
              stopped_count=0, restarted_count=0
 full_count=0

Compilation events (20 events):
Event: 0.114 Thread 0x000001c4323d77e0 nmethod 90 0x000001c41e8ae790 code [0x000001c41e8ae960, 0x000001c41e8aeca8]
Event: 0.114 Thread 0x000001c4323d77e0   93       3       java.lang.AbstractStringBuilder::getCoder (15 bytes)
Event: 0.114 Thread 0x000001c4323d77e0 nmethod 93 0x000001c41e8aee10 code [0x000001c41e8aefa0, 0x000001c41e8af0d8]
Event: 0.114 Thread 0x000001c432644ce0 nmethod 92 0x000001c41e8af190 code [0x000001c41e8af360, 0x000001c41e8af678]
Event: 0.115 Thread 0x000001c432644ce0   94       3       java.lang.StringLatin1::lastIndexOf (40 bytes)
Event: 0.115 Thread 0x000001c432644ce0 nmethod 94 0x000001c41e8af810 code [0x000001c41e8af9e0, 0x000001c41e8afdd8]
Event: 0.116 Thread 0x000001c432644ce0   95       3       java.lang.CharacterData::of (136 bytes)
Event: 0.117 Thread 0x000001c432644ce0 nmethod 95 0x000001c41e8aff10 code [0x000001c41e8b0140, 0x000001c41e8b0ad8]
Event: 0.118 Thread 0x000001c432644ce0   96       3       java.lang.CharacterDataLatin1::toLowerCase (39 bytes)
Event: 0.118 Thread 0x000001c432644ce0 nmethod 96 0x000001c41e8b0d10 code [0x000001c41e8b0ec0, 0x000001c41e8b1118]
Event: 0.118 Thread 0x000001c432644ce0   97       3       java.lang.System::getSecurityManager (12 bytes)
Event: 0.118 Thread 0x000001c4323d77e0   98       3       java.lang.System::allowSecurityManager (13 bytes)
Event: 0.118 Thread 0x000001c4323d77e0 nmethod 98 0x000001c41e8b1210 code [0x000001c41e8b13a0, 0x000001c41e8b14b8]
Event: 0.118 Thread 0x000001c432644ce0 nmethod 97 0x000001c41e8b1510 code [0x000001c41e8b16a0, 0x000001c41e8b1818]
Event: 0.120 Thread 0x000001c432644ce0   99       1       java.lang.Enum::ordinal (5 bytes)
Event: 0.120 Thread 0x000001c432644ce0 nmethod 99 0x000001c426433a10 code [0x000001c426433ba0, 0x000001c426433c78]
Event: 0.124 Thread 0x000001c432644ce0  102       3       java.util.concurrent.ConcurrentHashMap::get (162 bytes)
Event: 0.125 Thread 0x000001c4323d77e0  103       1       java.lang.Class::getClassLoader0 (5 bytes)
Event: 0.125 Thread 0x000001c432644ce0 nmethod 102 0x000001c41e8b1910 code [0x000001c41e8b1b60, 0x000001c41e8b2628]
Event: 0.125 Thread 0x000001c4323d77e0 nmethod 103 0x000001c426434310 code [0x000001c4264344a0, 0x000001c426434578]

GC Heap History (0 events):
No events

Deoptimization events (0 events):
No events

Classes unloaded (0 events):
No events

Classes redefined (0 events):
No events

Internal exceptions (0 events):
No events

VM Operations (0 events):
No events

Events (20 events):
Event: 0.127 loading class java/lang/invoke/InfoFromMemberName done
Event: 0.127 loading class jdk/internal/org/objectweb/asm/ClassWriter
Event: 0.127 loading class jdk/internal/org/objectweb/asm/ClassVisitor
Event: 0.127 loading class jdk/internal/org/objectweb/asm/ClassVisitor done
Event: 0.127 loading class jdk/internal/org/objectweb/asm/ClassWriter done
Event: 0.127 loading class jdk/internal/org/objectweb/asm/SymbolTable
Event: 0.127 loading class jdk/internal/org/objectweb/asm/SymbolTable done
Event: 0.127 loading class jdk/internal/org/objectweb/asm/SymbolTable$Entry
Event: 0.127 loading class jdk/internal/org/objectweb/asm/Symbol
Event: 0.127 loading class jdk/internal/org/objectweb/asm/Symbol done
Event: 0.127 loading class jdk/internal/org/objectweb/asm/SymbolTable$Entry done
Event: 0.127 loading class jdk/internal/org/objectweb/asm/ByteVector
Event: 0.127 loading class jdk/internal/org/objectweb/asm/ByteVector done
Event: 0.127 loading class java/lang/invoke/LambdaProxyClassArchive
Event: 0.127 loading class java/lang/invoke/LambdaProxyClassArchive done
Event: 0.127 loading class jdk/internal/org/objectweb/asm/FieldWriter
Event: 0.128 loading class jdk/internal/org/objectweb/asm/FieldVisitor
Event: 0.128 loading class jdk/internal/org/objectweb/asm/FieldVisitor done
Event: 0.128 loading class jdk/internal/org/objectweb/asm/FieldWriter done
Event: 0.128 loading class jdk/internal/org/objectweb/asm/MethodWriter


Dynamic libraries:
0x00007ff6de5a0000 - 0x00007ff6de5b0000 	C:\Program Files\Java\jdk-17\bin\java.exe
0x00007ff840a90000 - 0x00007ff840c88000 	C:\WINDOWS\SYSTEM32\ntdll.dll
0x00007ff840950000 - 0x00007ff840a11000 	C:\WINDOWS\System32\KERNEL32.DLL
0x00007ff83e5a0000 - 0x00007ff83e89d000 	C:\WINDOWS\System32\KERNELBASE.dll
0x00007ff83e8a0000 - 0x00007ff83e9a0000 	C:\WINDOWS\System32\ucrtbase.dll
0x00007ff81e1e0000 - 0x00007ff81e1f9000 	C:\Program Files\Java\jdk-17\bin\jli.dll
0x00007ff821c80000 - 0x00007ff821c9b000 	C:\Program Files\Java\jdk-17\bin\VCRUNTIME140.dll
0x00007ff8403a0000 - 0x00007ff840450000 	C:\WINDOWS\System32\ADVAPI32.dll
0x00007ff83f250000 - 0x00007ff83f2ee000 	C:\WINDOWS\System32\msvcrt.dll
0x00007ff8404c0000 - 0x00007ff840560000 	C:\WINDOWS\System32\sechost.dll
0x00007ff8406e0000 - 0x00007ff840803000 	C:\WINDOWS\System32\RPCRT4.dll
0x00007ff83e3c0000 - 0x00007ff83e3e7000 	C:\WINDOWS\System32\bcrypt.dll
0x00007ff83fdd0000 - 0x00007ff83ff6d000 	C:\WINDOWS\System32\USER32.dll
0x00007ff83ea90000 - 0x00007ff83eab2000 	C:\WINDOWS\System32\win32u.dll
0x00007ff83fda0000 - 0x00007ff83fdcb000 	C:\WINDOWS\System32\GDI32.dll
0x00007ff83e480000 - 0x00007ff83e597000 	C:\WINDOWS\System32\gdi32full.dll
0x00007ff83e9a0000 - 0x00007ff83ea3d000 	C:\WINDOWS\System32\msvcp_win.dll
0x00007ff829b70000 - 0x00007ff829e0a000 	C:\WINDOWS\WinSxS\amd64_microsoft.windows.common-controls_6595b64144ccf1df_6.0.19041.4355_none_60b8b9eb71f62e16\COMCTL32.dll
0x00007ff835b70000 - 0x00007ff835b7a000 	C:\WINDOWS\SYSTEM32\VERSION.dll
0x00007ff840a20000 - 0x00007ff840a4f000 	C:\WINDOWS\System32\IMM32.DLL
0x00007ff834eb0000 - 0x00007ff834ebc000 	C:\Program Files\Java\jdk-17\bin\vcruntime140_1.dll
0x00007ff8096d0000 - 0x00007ff80975e000 	C:\Program Files\Java\jdk-17\bin\msvcp140.dll
0x00007fff848b0000 - 0x00007fff85490000 	C:\Program Files\Java\jdk-17\bin\server\jvm.dll
0x00007ff83f240000 - 0x00007ff83f248000 	C:\WINDOWS\System32\PSAPI.DLL
0x00007ff834e80000 - 0x00007ff834ea7000 	C:\WINDOWS\SYSTEM32\WINMM.dll
0x00007ff823d20000 - 0x00007ff823d29000 	C:\WINDOWS\SYSTEM32\WSOCK32.dll
0x00007ff8408e0000 - 0x00007ff84094b000 	C:\WINDOWS\System32\WS2_32.dll
0x00007ff83bfc0000 - 0x00007ff83bfd2000 	C:\WINDOWS\SYSTEM32\kernel.appcore.dll
0x00007ff8238b0000 - 0x00007ff8238ba000 	C:\Program Files\Java\jdk-17\bin\jimage.dll
0x00007ff82b240000 - 0x00007ff82b424000 	C:\WINDOWS\SYSTEM32\DBGHELP.DLL
0x00007ff826180000 - 0x00007ff8261b4000 	C:\WINDOWS\SYSTEM32\dbgcore.DLL
0x00007ff83e3f0000 - 0x00007ff83e472000 	C:\WINDOWS\System32\bcryptPrimitives.dll
0x00007ff817c00000 - 0x00007ff817c25000 	C:\Program Files\Java\jdk-17\bin\java.dll
0x00007ff8092d0000 - 0x00007ff8093a7000 	C:\Program Files\Java\jdk-17\bin\jsvml.dll
0x00007ff83eac0000 - 0x00007ff83f22f000 	C:\WINDOWS\System32\SHELL32.dll
0x00007ff83c1c0000 - 0x00007ff83c963000 	C:\WINDOWS\SYSTEM32\windows.storage.dll
0x00007ff840040000 - 0x00007ff840393000 	C:\WINDOWS\System32\combase.dll
0x00007ff83db70000 - 0x00007ff83db9e000 	C:\WINDOWS\SYSTEM32\Wldp.dll
0x00007ff840810000 - 0x00007ff8408dd000 	C:\WINDOWS\System32\OLEAUT32.dll
0x00007ff83f350000 - 0x00007ff83f3fd000 	C:\WINDOWS\System32\SHCORE.dll
0x00007ff840460000 - 0x00007ff8404b5000 	C:\WINDOWS\System32\shlwapi.dll
0x00007ff83e070000 - 0x00007ff83e094000 	C:\WINDOWS\SYSTEM32\profapi.dll
0x00007ff816e10000 - 0x00007ff816e29000 	C:\Program Files\Java\jdk-17\bin\net.dll
0x00007ff835bf0000 - 0x00007ff835cfd000 	C:\WINDOWS\SYSTEM32\WINHTTP.dll
0x00007ff83d8d0000 - 0x00007ff83d93a000 	C:\WINDOWS\system32\mswsock.dll
0x00007ff816dd0000 - 0x00007ff816de6000 	C:\Program Files\Java\jdk-17\bin\nio.dll
0x00007ff816ed0000 - 0x00007ff816ee8000 	C:\Program Files\Java\jdk-17\bin\zip.dll

dbghelp: loaded successfully - version: 4.0.5 - missing functions: none
symbol engine: initialized successfully - sym options: 0x614 - pdb path: .;C:\Program Files\Java\jdk-17\bin;C:\WINDOWS\SYSTEM32;C:\WINDOWS\WinSxS\amd64_microsoft.windows.common-controls_6595b64144ccf1df_6.0.19041.4355_none_60b8b9eb71f62e16;C:\Program Files\Java\jdk-17\bin\server

VM Arguments:
jvm_args: -Dorg.gradle.internal.worker.tmpdir=C:\University\Code Analysis\Practical second attempt\Triangle-Tools\a5-triangle-tools\Triangle.Compiler\build\tmp\test\work -Dorg.gradle.native=false -Xmx512m -Dfile.encoding=windows-1252 -Duser.country=GB -Duser.language=en -Duser.variant -ea 
java_command: worker.org.gradle.process.internal.worker.GradleWorkerMain 'Gradle Test Executor 9'
java_class_path (initial): C:\Users\tomki\.gradle\caches\8.3\workerMain\gradle-worker.jar;C:\University\Code Analysis\Practical second attempt\Triangle-Tools\a5-triangle-tools\Triangle.Compiler\build\classes\java\test;C:\University\Code Analysis\Practical second attempt\Triangle-Tools\a5-triangle-tools\Triangle.Compiler\build\resources\test;C:\University\Code Analysis\Practical second attempt\Triangle-Tools\a5-triangle-tools\Triangle.Compiler\build\classes\java\main;C:\University\Code Analysis\Practical second attempt\Triangle-Tools\a5-triangle-tools\Triangle.AbstractMachine\build\libs\Triangle.AbstractMachine.jar;C:\Users\tomki\.gradle\caches\modules-2\files-2.1\junit\junit\4.13.2\8ac9e16d933b6fb43bc7f576336b8f4d7eb5ba12\junit-4.13.2.jar;C:\Users\tomki\.gradle\caches\modules-2\files-2.1\org.hamcrest\hamcrest-core\1.3\42a25dc3219429f0e5d060061f71acb49bf010a0\hamcrest-core-1.3.jar
Launcher Type: SUN_STANDARD

[Global flags]
     intx CICompilerCount                          = 12                                        {product} {ergonomic}
     uint ConcGCThreads                            = 3                                         {product} {ergonomic}
     uint G1ConcRefinementThreads                  = 13                                        {product} {ergonomic}
   size_t G1HeapRegionSize                         = 1048576                                   {product} {ergonomic}
    uintx GCDrainStackTargetSize                   = 64                                        {product} {ergonomic}
   size_t InitialHeapSize                          = 125829120                                 {product} {ergonomic}
   size_t MarkStackSize                            = 4194304                                   {product} {ergonomic}
   size_t MaxHeapSize                              = 536870912                                 {product} {command line}
   size_t MaxNewSize                               = 321912832                                 {product} {ergonomic}
   size_t MinHeapDeltaBytes                        = 1048576                                   {product} {ergonomic}
   size_t MinHeapSize                              = 8388608                                   {product} {ergonomic}
    uintx NonNMethodCodeHeapSize                   = 7602480                                {pd product} {ergonomic}
    uintx NonProfiledCodeHeapSize                  = 122027880                              {pd product} {ergonomic}
    uintx ProfiledCodeHeapSize                     = 122027880                              {pd product} {ergonomic}
    uintx ReservedCodeCacheSize                    = 251658240                              {pd product} {ergonomic}
     bool SegmentedCodeCache                       = true                                      {product} {ergonomic}
   size_t SoftMaxHeapSize                          = 536870912                              {manageable} {ergonomic}
     bool UseCompressedClassPointers               = true                           {product lp64_product} {ergonomic}
     bool UseCompressedOops                        = true                           {product lp64_product} {ergonomic}
     bool UseG1GC                                  = true                                      {product} {ergonomic}
     bool UseLargePagesIndividualAllocation        = false                                  {pd product} {ergonomic}

Logging:
Log output configuration:
 #0: stdout all=warning uptime,level,tags
 #1: stderr all=off uptime,level,tags

Environment Variables:
CLASSPATH=C:\Gradle\gradle-8.3\lib\gradle-launcher-8.3.jar
PATH=C:\Program Files\Common Files\Oracle\Java\javapath;C:\jdk-21.0.2\bin;C:\Program Files\Git\cmd;C:\Gradle\gradle-8.3\bin;C:\Users\tomki\AppData\Local\Programs\Python\Launcher\;C:\Users\tomki\AppData\Local\Microsoft\WindowsApps;C:\Users\tomki\AppData\Local\Programs\Microsoft VS Code\bin;;C:\Program Files\JetBrains\PyCharm 2024.2.2\bin;
USERNAME=tomki
OS=Windows_NT
PROCESSOR_IDENTIFIER=AMD64 Family 23 Model 96 Stepping 1, AuthenticAMD



---------------  S Y S T E M  ---------------

OS:
 Windows 10 , 64 bit Build 19041 (10.0.19041.4842)
OS uptime: 2 days 4:42 hours

CPU: total 16 (initial active 16) (16 cores per cpu, 2 threads per core) family 23 model 96 stepping 1 microcode 0x0, cx8, cmov, fxsr, ht, mmx, 3dnowpref, sse, sse2, sse3, ssse3, sse4a, sse4.1, sse4.2, popcnt, lzcnt, tsc, tscinvbit, avx, avx2, aes, clmul, bmi1, bmi2, adx, sha, fma, vzeroupper, clflush, clflushopt

Memory: 4k page, system-wide physical 7597M (585M free)
TotalPageFile size 31149M (AvailPageFile size 4M)
current process WorkingSet (physical memory assigned to process): 29M, peak: 29M
current process commit charge ("private bytes"): 205M, peak: 206M

vm_info: Java HotSpot(TM) 64-Bit Server VM (17.0.12+8-LTS-286) for windows-amd64 JRE (17.0.12+8-LTS-286), built on Jun  5 2024 06:46:59 by "mach5one" with MS VC++ 17.6 (VS2022)

END.
